<?xml version="1.0" encoding="UTF-8"?>
<!-- Generated by org.testng.reporters.JUnitReportReporter -->
<testsuite hostname="Keenum-PC" name="com.pluralsight.UnitTest" tests="2" failures="0" timestamp="4 Feb 2018 18:37:30 GMT" time="20.716" errors="0">
  <testcase name="canGotoJavaPathPage" time="7.314" classname="com.pluralsight.UnitTest"/>
  <testcase name="canGoToHomePage" time="13.402" classname="com.pluralsight.UnitTest"/>
</testsuite> <!-- com.pluralsight.UnitTest -->
